<?xml version="1.0" encoding="UTF-8"?>
<!-- Generated by org.testng.reporters.JUnitReportReporter -->
<testsuite skipped="0" hostname="user-PC" name="testin" tests="1" failures="0" timestamp="15 Dec 2017 15:49:56 GMT" time="0.070" errors="0">
  <testcase name="testing" time="0.070" classname="testin"/>
</testsuite> <!-- testin -->
