<?xml version="1.0" encoding="UTF-8"?>
<!-- Generated by org.testng.reporters.JUnitReportReporter -->
<testsuite skipped="0" hostname="user-PC" name="com.CRM.QA.TestCases.LoginPageTest" tests="1" failures="0" timestamp="17 Dec 2017 13:08:56 GMT" time="42.962" errors="0">
  <testcase name="loginTest" time="42.962" classname="com.CRM.QA.TestCases.LoginPageTest"/>
</testsuite> <!-- com.CRM.QA.TestCases.LoginPageTest -->
